# JRE version: Java(TM) SE Runtime Environment (8.0_291-b10) (build 1.8.0_291-b10)
# Java VM: Java HotSpot(TM) 64-Bit Server VM (25.291-b10 mixed mode windows-amd64 compressed oops)
Heap:
 PSYoungGen      total 161792K, used 129141K [0x00000000f5580000, 0x0000000100000000, 0x0000000100000000)
  eden space 150016K, 78% used [0x00000000f5580000,0x00000000fc829bc0,0x00000000fe800000)
  from space 11776K, 99% used [0x00000000fe800000,0x00000000ff37e5a0,0x00000000ff380000)
  to   space 12800K, 0% used [0x00000000ff380000,0x00000000ff380000,0x0000000100000000)
 ParOldGen       total 175104K, used 16271K [0x00000000e0000000, 0x00000000eab00000, 0x00000000f5580000)
  object space 175104K, 9% used [0x00000000e0000000,0x00000000e0fe3fe8,0x00000000eab00000)
 Metaspace       used 52099K, capacity 54978K, committed 55296K, reserved 1097728K
  class space    used 7308K, capacity 7826K, committed 7936K, reserved 1048576K
GC Heap History (10 events):
Event: 10.719 GC heap before
{Heap before GC invocations=7 (full 1):
 PSYoungGen      total 76288K, used 71996K [0x00000000f5580000, 0x00000000fdc00000, 0x0000000100000000)
  eden space 65536K, 100% used [0x00000000f5580000,0x00000000f9580000,0x00000000f9580000)
  from space 10752K, 60% used [0x00000000f9580000,0x00000000f9bcf380,0x00000000fa000000)
  to   space 12288K, 0% used [0x00000000fd000000,0x00000000fd000000,0x00000000fdc00000)
 ParOldGen       total 175104K, used 7899K [0x00000000e0000000, 0x00000000eab00000, 0x00000000f5580000)
  object space 175104K, 4% used [0x00000000e0000000,0x00000000e07b6eb0,0x00000000eab00000)
 Metaspace       used 32558K, capacity 33664K, committed 33792K, reserved 1079296K
  class space    used 4591K, capacity 4830K, committed 4864K, reserved 1048576K
Event: 10.748 GC heap after
Heap after GC invocations=7 (full 1):
 PSYoungGen      total 125440K, used 9430K [0x00000000f5580000, 0x00000000fdd80000, 0x0000000100000000)
  eden space 113152K, 0% used [0x00000000f5580000,0x00000000f5580000,0x00000000fc400000)
  from space 12288K, 76% used [0x00000000fd000000,0x00000000fd935a60,0x00000000fdc00000)
  to   space 12288K, 0% used [0x00000000fc400000,0x00000000fc400000,0x00000000fd000000)
 ParOldGen       total 175104K, used 7907K [0x00000000e0000000, 0x00000000eab00000, 0x00000000f5580000)
  object space 175104K, 4% used [0x00000000e0000000,0x00000000e07b8eb0,0x00000000eab00000)
 Metaspace       used 32558K, capacity 33664K, committed 33792K, reserved 1079296K
  class space    used 4591K, capacity 4830K, committed 4864K, reserved 1048576K
}
Event: 11.129 GC heap before
{Heap before GC invocations=8 (full 1):
 PSYoungGen      total 125440K, used 41729K [0x00000000f5580000, 0x00000000fdd80000, 0x0000000100000000)
  eden space 113152K, 28% used [0x00000000f5580000,0x00000000f750acf0,0x00000000fc400000)
  from space 12288K, 76% used [0x00000000fd000000,0x00000000fd935a60,0x00000000fdc00000)
  to   space 12288K, 0% used [0x00000000fc400000,0x00000000fc400000,0x00000000fd000000)
 ParOldGen       total 175104K, used 7907K [0x00000000e0000000, 0x00000000eab00000, 0x00000000f5580000)
  object space 175104K, 4% used [0x00000000e0000000,0x00000000e07b8eb0,0x00000000eab00000)
 Metaspace       used 34331K, capacity 35434K, committed 35456K, reserved 1079296K
  class space    used 4748K, capacity 4981K, committed 4992K, reserved 1048576K
Event: 11.142 GC heap after
Heap after GC invocations=8 (full 1):
 PSYoungGen      total 125440K, used 7980K [0x00000000f5580000, 0x00000000fff00000, 0x0000000100000000)
  eden space 113152K, 0% used [0x00000000f5580000,0x00000000f5580000,0x00000000fc400000)
  from space 12288K, 64% used [0x00000000fc400000,0x00000000fcbcb130,0x00000000fd000000)
  to   space 11776K, 0% used [0x00000000ff380000,0x00000000ff380000,0x00000000fff00000)
 ParOldGen       total 175104K, used 7915K [0x00000000e0000000, 0x00000000eab00000, 0x00000000f5580000)
  object space 175104K, 4% used [0x00000000e0000000,0x00000000e07baeb0,0x00000000eab00000)
 Metaspace       used 34331K, capacity 35434K, committed 35456K, reserved 1079296K
  class space    used 4748K, capacity 4981K, committed 4992K, reserved 1048576K
}
Event: 11.142 GC heap before
{Heap before GC invocations=9 (full 2):
 PSYoungGen      total 125440K, used 7980K [0x00000000f5580000, 0x00000000fff00000, 0x0000000100000000)
  eden space 113152K, 0% used [0x00000000f5580000,0x00000000f5580000,0x00000000fc400000)
  from space 12288K, 64% used [0x00000000fc400000,0x00000000fcbcb130,0x00000000fd000000)
  to   space 11776K, 0% used [0x00000000ff380000,0x00000000ff380000,0x00000000fff00000)
 ParOldGen       total 175104K, used 7915K [0x00000000e0000000, 0x00000000eab00000, 0x00000000f5580000)
  object space 175104K, 4% used [0x00000000e0000000,0x00000000e07baeb0,0x00000000eab00000)
 Metaspace       used 34331K, capacity 35434K, committed 35456K, reserved 1079296K
  class space    used 4748K, capacity 4981K, committed 4992K, reserved 1048576K
Event: 11.216 GC heap after
Heap after GC invocations=9 (full 2):
 PSYoungGen      total 125440K, used 0K [0x00000000f5580000, 0x00000000fff00000, 0x0000000100000000)
  eden space 113152K, 0% used [0x00000000f5580000,0x00000000f5580000,0x00000000fc400000)
  from space 12288K, 0% used [0x00000000fc400000,0x00000000fc400000,0x00000000fd000000)
  to   space 11776K, 0% used [0x00000000ff380000,0x00000000ff380000,0x00000000fff00000)
 ParOldGen       total 175104K, used 14700K [0x00000000e0000000, 0x00000000eab00000, 0x00000000f5580000)
  object space 175104K, 8% used [0x00000000e0000000,0x00000000e0e5b2d0,0x00000000eab00000)
 Metaspace       used 34331K, capacity 35434K, committed 35456K, reserved 1079296K
  class space    used 4748K, capacity 4981K, committed 4992K, reserved 1048576K
}
Event: 13.649 GC heap before
{Heap before GC invocations=10 (full 2):
 PSYoungGen      total 125440K, used 113152K [0x00000000f5580000, 0x00000000fff00000, 0x0000000100000000)
  eden space 113152K, 100% used [0x00000000f5580000,0x00000000fc400000,0x00000000fc400000)
  from space 12288K, 0% used [0x00000000fc400000,0x00000000fc400000,0x00000000fd000000)
  to   space 11776K, 0% used [0x00000000ff380000,0x00000000ff380000,0x00000000fff00000)
 ParOldGen       total 175104K, used 14700K [0x00000000e0000000, 0x00000000eab00000, 0x00000000f5580000)
  object space 175104K, 8% used [0x00000000e0000000,0x00000000e0e5b2d0,0x00000000eab00000)
 Metaspace       used 40498K, capacity 42308K, committed 42624K, reserved 1085440K
  class space    used 5563K, capacity 5903K, committed 6016K, reserved 1048576K
Event: 13.660 GC heap after
Heap after GC invocations=10 (full 2):
 PSYoungGen      total 161792K, used 7267K [0x00000000f5580000, 0x00000000fff80000, 0x0000000100000000)
  eden space 150016K, 0% used [0x00000000f5580000,0x00000000f5580000,0x00000000fe800000)
  from space 11776K, 61% used [0x00000000ff380000,0x00000000ffa98f48,0x00000000fff00000)
  to   space 11776K, 0% used [0x00000000fe800000,0x00000000fe800000,0x00000000ff380000)
 ParOldGen       total 175104K, used 14780K [0x00000000e0000000, 0x00000000eab00000, 0x00000000f5580000)
  object space 175104K, 8% used [0x00000000e0000000,0x00000000e0e6f2e0,0x00000000eab00000)
 Metaspace       used 40498K, capacity 42308K, committed 42624K, reserved 1085440K
  class space    used 5563K, capacity 5903K, committed 6016K, reserved 1048576K
}
Event: 17.707 GC heap before
{Heap before GC invocations=11 (full 2):
 PSYoungGen      total 161792K, used 157283K [0x00000000f5580000, 0x00000000fff80000, 0x0000000100000000)
  eden space 150016K, 100% used [0x00000000f5580000,0x00000000fe800000,0x00000000fe800000)
  from space 11776K, 61% used [0x00000000ff380000,0x00000000ffa98f48,0x00000000fff00000)
  to   space 11776K, 0% used [0x00000000fe800000,0x00000000fe800000,0x00000000ff380000)
 ParOldGen       total 175104K, used 14780K [0x00000000e0000000, 0x00000000eab00000, 0x00000000f5580000)
  object space 175104K, 8% used [0x00000000e0000000,0x00000000e0e6f2e0,0x00000000eab00000)
 Metaspace       used 47690K, capacity 49870K, committed 50048K, reserved 1091584K
  class space    used 6549K, capacity 6950K, committed 7040K, reserved 1048576K
Event: 17.779 GC heap after
Heap after GC invocations=11 (full 2):
 PSYoungGen      total 161792K, used 11769K [0x00000000f5580000, 0x0000000100000000, 0x0000000100000000)
  eden space 150016K, 0% used [0x00000000f5580000,0x00000000f5580000,0x00000000fe800000)
  from space 11776K, 99% used [0x00000000fe800000,0x00000000ff37e5a0,0x00000000ff380000)
  to   space 12800K, 0% used [0x00000000ff380000,0x00000000ff380000,0x0000000100000000)
 ParOldGen       total 175104K, used 16271K [0x00000000e0000000, 0x00000000eab00000, 0x00000000f5580000)
  object space 175104K, 9% used [0x00000000e0000000,0x00000000e0fe3fe8,0x00000000eab00000)
 Metaspace       used 47690K, capacity 49870K, committed 50048K, reserved 1091584K
  class space    used 6549K, capacity 6950K, committed 7040K, reserved 1048576K
}

