# JRE version: Java(TM) SE Runtime Environment (8.0_291-b10) (build 1.8.0_291-b10)
# Java VM: Java HotSpot(TM) 64-Bit Server VM (25.291-b10 mixed mode windows-amd64 compressed oops)
Heap:
 PSYoungGen      total 71680K, used 29081K [0x00000000f5580000, 0x00000000fe180000, 0x0000000100000000)
  eden space 65024K, 46% used [0x00000000f5580000,0x00000000f7310c88,0x00000000f9500000)
  from space 6656K, 0% used [0x00000000f9500000,0x00000000f9500000,0x00000000f9b80000)
  to   space 6656K, 0% used [0x00000000fdb00000,0x00000000fdb00000,0x00000000fe180000)
 ParOldGen       total 30208K, used 7797K [0x00000000e0000000, 0x00000000e1d80000, 0x00000000f5580000)
  object space 30208K, 25% used [0x00000000e0000000,0x00000000e079d670,0x00000000e1d80000)
 Metaspace       used 23104K, capacity 23664K, committed 23984K, reserved 1071104K
  class space    used 3008K, capacity 3170K, committed 3248K, reserved 1048576K
GC Heap History (10 events):
Event: 2.386 GC heap before
{Heap before GC invocations=4 (full 0):
 PSYoungGen      total 18944K, used 18934K [0x00000000f5580000, 0x00000000f7a80000, 0x0000000100000000)
  eden space 16384K, 100% used [0x00000000f5580000,0x00000000f6580000,0x00000000f6580000)
  from space 2560K, 99% used [0x00000000f6580000,0x00000000f67fdbc0,0x00000000f6800000)
  to   space 2560K, 0% used [0x00000000f7800000,0x00000000f7800000,0x00000000f7a80000)
 ParOldGen       total 44032K, used 5278K [0x00000000e0000000, 0x00000000e2b00000, 0x00000000f5580000)
  object space 44032K, 11% used [0x00000000e0000000,0x00000000e0527af8,0x00000000e2b00000)
 Metaspace       used 14534K, capacity 14854K, committed 15104K, reserved 1062912K
  class space    used 1835K, capacity 1937K, committed 2048K, reserved 1048576K
Event: 2.393 GC heap after
Heap after GC invocations=4 (full 0):
 PSYoungGen      total 35328K, used 2534K [0x00000000f5580000, 0x00000000f7a80000, 0x0000000100000000)
  eden space 32768K, 0% used [0x00000000f5580000,0x00000000f5580000,0x00000000f7580000)
  from space 2560K, 99% used [0x00000000f7800000,0x00000000f7a79bb0,0x00000000f7a80000)
  to   space 2560K, 0% used [0x00000000f7580000,0x00000000f7580000,0x00000000f7800000)
 ParOldGen       total 44032K, used 6868K [0x00000000e0000000, 0x00000000e2b00000, 0x00000000f5580000)
  object space 44032K, 15% used [0x00000000e0000000,0x00000000e06b5090,0x00000000e2b00000)
 Metaspace       used 14534K, capacity 14854K, committed 15104K, reserved 1062912K
  class space    used 1835K, capacity 1937K, committed 2048K, reserved 1048576K
}
Event: 2.873 GC heap before
{Heap before GC invocations=5 (full 0):
 PSYoungGen      total 35328K, used 35302K [0x00000000f5580000, 0x00000000f7a80000, 0x0000000100000000)
  eden space 32768K, 100% used [0x00000000f5580000,0x00000000f7580000,0x00000000f7580000)
  from space 2560K, 99% used [0x00000000f7800000,0x00000000f7a79bb0,0x00000000f7a80000)
  to   space 2560K, 0% used [0x00000000f7580000,0x00000000f7580000,0x00000000f7800000)
 ParOldGen       total 44032K, used 6868K [0x00000000e0000000, 0x00000000e2b00000, 0x00000000f5580000)
  object space 44032K, 15% used [0x00000000e0000000,0x00000000e06b5090,0x00000000e2b00000)
 Metaspace       used 17565K, capacity 17888K, committed 18048K, reserved 1064960K
  class space    used 2280K, capacity 2370K, committed 2432K, reserved 1048576K
Event: 2.879 GC heap after
Heap after GC invocations=5 (full 0):
 PSYoungGen      total 35328K, used 2550K [0x00000000f5580000, 0x00000000fa180000, 0x0000000100000000)
  eden space 32768K, 0% used [0x00000000f5580000,0x00000000f5580000,0x00000000f7580000)
  from space 2560K, 99% used [0x00000000f7580000,0x00000000f77fd888,0x00000000f7800000)
  to   space 6144K, 0% used [0x00000000f9b80000,0x00000000f9b80000,0x00000000fa180000)
 ParOldGen       total 44032K, used 10196K [0x00000000e0000000, 0x00000000e2b00000, 0x00000000f5580000)
  object space 44032K, 23% used [0x00000000e0000000,0x00000000e09f51b0,0x00000000e2b00000)
 Metaspace       used 17565K, capacity 17888K, committed 18048K, reserved 1064960K
  class space    used 2280K, capacity 2370K, committed 2432K, reserved 1048576K
}
Event: 3.446 GC heap before
{Heap before GC invocations=6 (full 0):
 PSYoungGen      total 35328K, used 35318K [0x00000000f5580000, 0x00000000fa180000, 0x0000000100000000)
  eden space 32768K, 100% used [0x00000000f5580000,0x00000000f7580000,0x00000000f7580000)
  from space 2560K, 99% used [0x00000000f7580000,0x00000000f77fd888,0x00000000f7800000)
  to   space 6144K, 0% used [0x00000000f9b80000,0x00000000f9b80000,0x00000000fa180000)
 ParOldGen       total 44032K, used 10196K [0x00000000e0000000, 0x00000000e2b00000, 0x00000000f5580000)
  object space 44032K, 23% used [0x00000000e0000000,0x00000000e09f51b0,0x00000000e2b00000)
 Metaspace       used 20674K, capacity 21088K, committed 21296K, reserved 1067008K
  class space    used 2709K, capacity 2842K, committed 2864K, reserved 1048576K
Event: 3.452 GC heap after
Heap after GC invocations=6 (full 0):
 PSYoungGen      total 71168K, used 5614K [0x00000000f5580000, 0x00000000fa280000, 0x0000000100000000)
  eden space 65024K, 0% used [0x00000000f5580000,0x00000000f5580000,0x00000000f9500000)
  from space 6144K, 91% used [0x00000000f9b80000,0x00000000fa0fba90,0x00000000fa180000)
  to   space 6656K, 0% used [0x00000000f9500000,0x00000000f9500000,0x00000000f9b80000)
 ParOldGen       total 44032K, used 10204K [0x00000000e0000000, 0x00000000e2b00000, 0x00000000f5580000)
  object space 44032K, 23% used [0x00000000e0000000,0x00000000e09f71b0,0x00000000e2b00000)
 Metaspace       used 20674K, capacity 21088K, committed 21296K, reserved 1067008K
  class space    used 2709K, capacity 2842K, committed 2864K, reserved 1048576K
}
Event: 3.465 GC heap before
{Heap before GC invocations=7 (full 0):
 PSYoungGen      total 71168K, used 6808K [0x00000000f5580000, 0x00000000fa280000, 0x0000000100000000)
  eden space 65024K, 1% used [0x00000000f5580000,0x00000000f56aa688,0x00000000f9500000)
  from space 6144K, 91% used [0x00000000f9b80000,0x00000000fa0fba90,0x00000000fa180000)
  to   space 6656K, 0% used [0x00000000f9500000,0x00000000f9500000,0x00000000f9b80000)
 ParOldGen       total 44032K, used 10204K [0x00000000e0000000, 0x00000000e2b00000, 0x00000000f5580000)
  object space 44032K, 23% used [0x00000000e0000000,0x00000000e09f71b0,0x00000000e2b00000)
 Metaspace       used 20848K, capacity 21216K, committed 21296K, reserved 1067008K
  class space    used 2724K, capacity 2842K, committed 2864K, reserved 1048576K
Event: 3.469 GC heap after
Heap after GC invocations=7 (full 0):
 PSYoungGen      total 71680K, used 2244K [0x00000000f5580000, 0x00000000fe180000, 0x0000000100000000)
  eden space 65024K, 0% used [0x00000000f5580000,0x00000000f5580000,0x00000000f9500000)
  from space 6656K, 33% used [0x00000000f9500000,0x00000000f9731028,0x00000000f9b80000)
  to   space 6656K, 0% used [0x00000000fdb00000,0x00000000fdb00000,0x00000000fe180000)
 ParOldGen       total 44032K, used 11799K [0x00000000e0000000, 0x00000000e2b00000, 0x00000000f5580000)
  object space 44032K, 26% used [0x00000000e0000000,0x00000000e0b85ea8,0x00000000e2b00000)
 Metaspace       used 20848K, capacity 21216K, committed 21296K, reserved 1067008K
  class space    used 2724K, capacity 2842K, committed 2864K, reserved 1048576K
}
Event: 3.469 GC heap before
{Heap before GC invocations=8 (full 1):
 PSYoungGen      total 71680K, used 2244K [0x00000000f5580000, 0x00000000fe180000, 0x0000000100000000)
  eden space 65024K, 0% used [0x00000000f5580000,0x00000000f5580000,0x00000000f9500000)
  from space 6656K, 33% used [0x00000000f9500000,0x00000000f9731028,0x00000000f9b80000)
  to   space 6656K, 0% used [0x00000000fdb00000,0x00000000fdb00000,0x00000000fe180000)
 ParOldGen       total 44032K, used 11799K [0x00000000e0000000, 0x00000000e2b00000, 0x00000000f5580000)
  object space 44032K, 26% used [0x00000000e0000000,0x00000000e0b85ea8,0x00000000e2b00000)
 Metaspace       used 20848K, capacity 21216K, committed 21296K, reserved 1067008K
  class space    used 2724K, capacity 2842K, committed 2864K, reserved 1048576K
Event: 3.506 GC heap after
Heap after GC invocations=8 (full 1):
 PSYoungGen      total 71680K, used 0K [0x00000000f5580000, 0x00000000fe180000, 0x0000000100000000)
  eden space 65024K, 0% used [0x00000000f5580000,0x00000000f5580000,0x00000000f9500000)
  from space 6656K, 0% used [0x00000000f9500000,0x00000000f9500000,0x00000000f9b80000)
  to   space 6656K, 0% used [0x00000000fdb00000,0x00000000fdb00000,0x00000000fe180000)
 ParOldGen       total 30208K, used 7797K [0x00000000e0000000, 0x00000000e1d80000, 0x00000000f5580000)
  object space 30208K, 25% used [0x00000000e0000000,0x00000000e079d670,0x00000000e1d80000)
 Metaspace       used 20848K, capacity 21216K, committed 21296K, reserved 1067008K
  class space    used 2724K, capacity 2842K, committed 2864K, reserved 1048576K
}

