# JRE version: Java(TM) SE Runtime Environment (8.0_291-b10) (build 1.8.0_291-b10)
# Java VM: Java HotSpot(TM) 64-Bit Server VM (25.291-b10 mixed mode windows-amd64 compressed oops)
Heap:
 PSYoungGen      total 151040K, used 103934K [0x00000000f5580000, 0x0000000100000000, 0x0000000100000000)
  eden space 127488K, 63% used [0x00000000f5580000,0x00000000fa404990,0x00000000fd200000)
  from space 23552K, 99% used [0x00000000fd200000,0x00000000fe8faf18,0x00000000fe900000)
  to   space 23552K, 0% used [0x00000000fe900000,0x00000000fe900000,0x0000000100000000)
 ParOldGen       total 214016K, used 63496K [0x00000000e0000000, 0x00000000ed100000, 0x00000000f5580000)
  object space 214016K, 29% used [0x00000000e0000000,0x00000000e3e02108,0x00000000ed100000)
 Metaspace       used 59641K, capacity 63028K, committed 63360K, reserved 1103872K
  class space    used 8316K, capacity 8986K, committed 9088K, reserved 1048576K
GC Heap History (10 events):
Event: 10.431 GC heap before
{Heap before GC invocations=10 (full 2):
 PSYoungGen      total 152576K, used 152371K [0x00000000f5580000, 0x00000000ffe00000, 0x0000000100000000)
  eden space 143872K, 100% used [0x00000000f5580000,0x00000000fe200000,0x00000000fe200000)
  from space 8704K, 97% used [0x00000000fe200000,0x00000000fea4ccb8,0x00000000fea80000)
  to   space 14336K, 0% used [0x00000000ff000000,0x00000000ff000000,0x00000000ffe00000)
 ParOldGen       total 175104K, used 14724K [0x00000000e0000000, 0x00000000eab00000, 0x00000000f5580000)
  object space 175104K, 8% used [0x00000000e0000000,0x00000000e0e612c8,0x00000000eab00000)
 Metaspace       used 48228K, capacity 50426K, committed 50688K, reserved 1093632K
  class space    used 6666K, capacity 7075K, committed 7168K, reserved 1048576K
Event: 10.452 GC heap after
Heap after GC invocations=10 (full 2):
 PSYoungGen      total 155136K, used 14307K [0x00000000f5580000, 0x0000000100000000, 0x0000000100000000)
  eden space 140800K, 0% used [0x00000000f5580000,0x00000000f5580000,0x00000000fdf00000)
  from space 14336K, 99% used [0x00000000ff000000,0x00000000ffdf8dc0,0x00000000ffe00000)
  to   space 16896K, 0% used [0x00000000fdf00000,0x00000000fdf00000,0x00000000fef80000)
 ParOldGen       total 175104K, used 16344K [0x00000000e0000000, 0x00000000eab00000, 0x00000000f5580000)
  object space 175104K, 9% used [0x00000000e0000000,0x00000000e0ff61d0,0x00000000eab00000)
 Metaspace       used 48228K, capacity 50426K, committed 50688K, reserved 1093632K
  class space    used 6666K, capacity 7075K, committed 7168K, reserved 1048576K
}
Event: 13.492 GC heap before
{Heap before GC invocations=11 (full 2):
 PSYoungGen      total 155136K, used 155107K [0x00000000f5580000, 0x0000000100000000, 0x0000000100000000)
  eden space 140800K, 100% used [0x00000000f5580000,0x00000000fdf00000,0x00000000fdf00000)
  from space 14336K, 99% used [0x00000000ff000000,0x00000000ffdf8dc0,0x00000000ffe00000)
  to   space 16896K, 0% used [0x00000000fdf00000,0x00000000fdf00000,0x00000000fef80000)
 ParOldGen       total 175104K, used 16344K [0x00000000e0000000, 0x00000000eab00000, 0x00000000f5580000)
  object space 175104K, 9% used [0x00000000e0000000,0x00000000e0ff61d0,0x00000000eab00000)
 Metaspace       used 55742K, capacity 58782K, committed 59008K, reserved 1099776K
  class space    used 7860K, capacity 8457K, committed 8576K, reserved 1048576K
Event: 13.535 GC heap after
Heap after GC invocations=11 (full 2):
 PSYoungGen      total 157696K, used 16865K [0x00000000f5580000, 0x0000000100000000, 0x0000000100000000)
  eden space 140800K, 0% used [0x00000000f5580000,0x00000000f5580000,0x00000000fdf00000)
  from space 16896K, 99% used [0x00000000fdf00000,0x00000000fef784e0,0x00000000fef80000)
  to   space 16896K, 0% used [0x00000000fef80000,0x00000000fef80000,0x0000000100000000)
 ParOldGen       total 175104K, used 28413K [0x00000000e0000000, 0x00000000eab00000, 0x00000000f5580000)
  object space 175104K, 16% used [0x00000000e0000000,0x00000000e1bbf550,0x00000000eab00000)
 Metaspace       used 55742K, capacity 58782K, committed 59008K, reserved 1099776K
  class space    used 7860K, capacity 8457K, committed 8576K, reserved 1048576K
}
Event: 13.753 GC heap before
{Heap before GC invocations=12 (full 2):
 PSYoungGen      total 157696K, used 32162K [0x00000000f5580000, 0x0000000100000000, 0x0000000100000000)
  eden space 140800K, 10% used [0x00000000f5580000,0x00000000f6470490,0x00000000fdf00000)
  from space 16896K, 99% used [0x00000000fdf00000,0x00000000fef784e0,0x00000000fef80000)
  to   space 16896K, 0% used [0x00000000fef80000,0x00000000fef80000,0x0000000100000000)
 ParOldGen       total 175104K, used 28413K [0x00000000e0000000, 0x00000000eab00000, 0x00000000f5580000)
  object space 175104K, 16% used [0x00000000e0000000,0x00000000e1bbf550,0x00000000eab00000)
 Metaspace       used 55915K, capacity 58974K, committed 59160K, reserved 1099776K
  class space    used 7875K, capacity 8457K, committed 8576K, reserved 1048576K
Event: 13.774 GC heap after
Heap after GC invocations=12 (full 2):
 PSYoungGen      total 144384K, used 14179K [0x00000000f5580000, 0x0000000100000000, 0x0000000100000000)
  eden space 127488K, 0% used [0x00000000f5580000,0x00000000f5580000,0x00000000fd200000)
  from space 16896K, 83% used [0x00000000fef80000,0x00000000ffd58e48,0x0000000100000000)
  to   space 23552K, 0% used [0x00000000fd200000,0x00000000fd200000,0x00000000fe900000)
 ParOldGen       total 175104K, used 37686K [0x00000000e0000000, 0x00000000eab00000, 0x00000000f5580000)
  object space 175104K, 21% used [0x00000000e0000000,0x00000000e24cd960,0x00000000eab00000)
 Metaspace       used 55915K, capacity 58974K, committed 59160K, reserved 1099776K
  class space    used 7875K, capacity 8457K, committed 8576K, reserved 1048576K
}
Event: 13.774 GC heap before
{Heap before GC invocations=13 (full 3):
 PSYoungGen      total 144384K, used 14179K [0x00000000f5580000, 0x0000000100000000, 0x0000000100000000)
  eden space 127488K, 0% used [0x00000000f5580000,0x00000000f5580000,0x00000000fd200000)
  from space 16896K, 83% used [0x00000000fef80000,0x00000000ffd58e48,0x0000000100000000)
  to   space 23552K, 0% used [0x00000000fd200000,0x00000000fd200000,0x00000000fe900000)
 ParOldGen       total 175104K, used 37686K [0x00000000e0000000, 0x00000000eab00000, 0x00000000f5580000)
  object space 175104K, 21% used [0x00000000e0000000,0x00000000e24cd960,0x00000000eab00000)
 Metaspace       used 55915K, capacity 58974K, committed 59160K, reserved 1099776K
  class space    used 7875K, capacity 8457K, committed 8576K, reserved 1048576K
Event: 14.288 GC heap after
Heap after GC invocations=13 (full 3):
 PSYoungGen      total 144384K, used 0K [0x00000000f5580000, 0x0000000100000000, 0x0000000100000000)
  eden space 127488K, 0% used [0x00000000f5580000,0x00000000f5580000,0x00000000fd200000)
  from space 16896K, 0% used [0x00000000fef80000,0x00000000fef80000,0x0000000100000000)
  to   space 23552K, 0% used [0x00000000fd200000,0x00000000fd200000,0x00000000fe900000)
 ParOldGen       total 214016K, used 47767K [0x00000000e0000000, 0x00000000ed100000, 0x00000000f5580000)
  object space 214016K, 22% used [0x00000000e0000000,0x00000000e2ea5c88,0x00000000ed100000)
 Metaspace       used 55904K, capacity 58938K, committed 59160K, reserved 1099776K
  class space    used 7871K, capacity 8451K, committed 8576K, reserved 1048576K
}
Event: 16.272 GC heap before
{Heap before GC invocations=14 (full 3):
 PSYoungGen      total 144384K, used 127488K [0x00000000f5580000, 0x0000000100000000, 0x0000000100000000)
  eden space 127488K, 100% used [0x00000000f5580000,0x00000000fd200000,0x00000000fd200000)
  from space 16896K, 0% used [0x00000000fef80000,0x00000000fef80000,0x0000000100000000)
  to   space 23552K, 0% used [0x00000000fd200000,0x00000000fd200000,0x00000000fe900000)
 ParOldGen       total 214016K, used 47767K [0x00000000e0000000, 0x00000000ed100000, 0x00000000f5580000)
  object space 214016K, 22% used [0x00000000e0000000,0x00000000e2ea5c88,0x00000000ed100000)
 Metaspace       used 58108K, capacity 61234K, committed 61568K, reserved 1101824K
  class space    used 8101K, capacity 8729K, committed 8832K, reserved 1048576K
Event: 16.305 GC heap after
Heap after GC invocations=14 (full 3):
 PSYoungGen      total 151040K, used 23531K [0x00000000f5580000, 0x0000000100000000, 0x0000000100000000)
  eden space 127488K, 0% used [0x00000000f5580000,0x00000000f5580000,0x00000000fd200000)
  from space 23552K, 99% used [0x00000000fd200000,0x00000000fe8faf18,0x00000000fe900000)
  to   space 23552K, 0% used [0x00000000fe900000,0x00000000fe900000,0x0000000100000000)
 ParOldGen       total 214016K, used 63496K [0x00000000e0000000, 0x00000000ed100000, 0x00000000f5580000)
  object space 214016K, 29% used [0x00000000e0000000,0x00000000e3e02108,0x00000000ed100000)
 Metaspace       used 58108K, capacity 61234K, committed 61568K, reserved 1101824K
  class space    used 8101K, capacity 8729K, committed 8832K, reserved 1048576K
}

